INFO 2024-03-06 18:29:07,515 autoreload 7542 140620934619136 Watching for file changes with StatReloader
INFO 2024-03-06 18:32:45,383 basehttp 7542 140620887283264 "GET / HTTP/1.1" 200 11
INFO 2024-03-06 18:32:46,056 autoreload 7542 140620934619136 /home/victoria/PycharmProjects/Django_seminars/myproject/myproject/settings.py changed, reloading.
INFO 2024-03-06 18:32:46,275 autoreload 7648 139728543940608 Watching for file changes with StatReloader
DEBUG 2024-03-06 18:32:53,350 views 7648 139728496604736 Решка
INFO 2024-03-06 18:32:53,351 basehttp 7648 139728496604736 "GET /coin/ HTTP/1.1" 200 10
INFO 2024-03-06 18:43:14,517 autoreload 8064 139952983658496 Watching for file changes with StatReloader
INFO 2024-03-06 18:43:16,342 basehttp 8064 139952936322624 "GET / HTTP/1.1" 200 177
WARNING 2024-03-06 18:43:16,455 log 8064 139952936322624 Not Found: /favicon.ico
INFO 2024-03-06 18:45:38,437 autoreload 8064 139952983658496 /home/victoria/PycharmProjects/Django_seminars/myproject/app/urls.py changed, reloading.
INFO 2024-03-06 18:45:38,652 autoreload 8477 139901252120576 Watching for file changes with StatReloader
INFO 2024-03-06 18:45:46,772 autoreload 8477 139901252120576 /home/victoria/PycharmProjects/Django_seminars/myproject/app/urls.py changed, reloading.
INFO 2024-03-06 18:45:47,024 autoreload 8511 139828727640064 Watching for file changes with StatReloader
INFO 2024-03-06 18:45:51,120 autoreload 8511 139828727640064 /home/victoria/PycharmProjects/Django_seminars/myproject/app/urls.py changed, reloading.
INFO 2024-03-06 18:45:51,515 autoreload 8524 140085954244608 Watching for file changes with StatReloader
INFO 2024-03-06 18:46:16,766 autoreload 8524 140085954244608 /home/victoria/PycharmProjects/Django_seminars/myproject/app/urls.py changed, reloading.
INFO 2024-03-06 18:46:17,014 autoreload 8599 140341784383488 Watching for file changes with StatReloader
INFO 2024-03-06 18:46:40,254 autoreload 8599 140341784383488 /home/victoria/PycharmProjects/Django_seminars/myproject/app/urls.py changed, reloading.
INFO 2024-03-06 18:46:40,529 autoreload 8677 139951317868544 Watching for file changes with StatReloader
INFO 2024-03-06 18:47:04,735 autoreload 8677 139951317868544 /home/victoria/PycharmProjects/Django_seminars/myproject/app/views.py changed, reloading.
INFO 2024-03-06 18:47:04,958 autoreload 8698 140008996442112 Watching for file changes with StatReloader
INFO 2024-03-06 18:47:33,195 autoreload 8698 140008996442112 /home/victoria/PycharmProjects/Django_seminars/myproject/app/views.py changed, reloading.
INFO 2024-03-06 18:47:33,442 autoreload 8737 140609757212672 Watching for file changes with StatReloader
INFO 2024-03-06 18:49:13,090 autoreload 8737 140609757212672 /home/victoria/PycharmProjects/Django_seminars/myproject/app/views.py changed, reloading.
INFO 2024-03-06 18:49:13,341 autoreload 8957 140144947707904 Watching for file changes with StatReloader
INFO 2024-03-06 18:49:14,520 basehttp 8957 140144900372032 "GET / HTTP/1.1" 200 215
INFO 2024-03-06 18:49:15,581 basehttp 8957 140144891979328 "GET /about/ HTTP/1.1" 200 198
WARNING 2024-03-06 18:49:16,698 log 8957 140144891979328 Not Found: /about/index
WARNING 2024-03-06 18:49:16,699 basehttp 8957 140144891979328 "GET /about/index HTTP/1.1" 404 2940
INFO 2024-03-06 18:50:00,928 basehttp 8957 140144891979328 "GET / HTTP/1.1" 200 215
INFO 2024-03-06 18:50:02,065 basehttp 8957 140144891979328 "GET /about/ HTTP/1.1" 200 198
WARNING 2024-03-06 18:50:08,716 log 8957 140144891979328 Not Found: /about/index
WARNING 2024-03-06 18:50:08,717 basehttp 8957 140144891979328 "GET /about/index HTTP/1.1" 404 2940
INFO 2024-03-06 18:50:40,109 autoreload 8957 140144947707904 /home/victoria/PycharmProjects/Django_seminars/myproject/app/views.py changed, reloading.
INFO 2024-03-06 18:50:40,334 autoreload 9129 139832525312000 Watching for file changes with StatReloader
INFO 2024-03-06 18:50:42,095 basehttp 9129 139832477976128 "GET / HTTP/1.1" 200 215
WARNING 2024-03-06 18:50:42,207 log 9129 139832477976128 Not Found: /favicon.ico
INFO 2024-03-06 18:50:43,046 basehttp 9129 139832477976128 "GET /about/ HTTP/1.1" 200 200
WARNING 2024-03-06 18:50:43,984 log 9129 139832477976128 Not Found: /about/index
WARNING 2024-03-06 18:50:43,984 basehttp 9129 139832477976128 "GET /about/index HTTP/1.1" 404 2940
INFO 2024-03-06 18:51:32,788 autoreload 9129 139832525312000 /home/victoria/PycharmProjects/Django_seminars/myproject/app/views.py changed, reloading.
INFO 2024-03-06 18:51:33,037 autoreload 9546 139759289856000 Watching for file changes with StatReloader
INFO 2024-03-06 18:51:34,842 basehttp 9546 139759175333440 "GET / HTTP/1.1" 200 215
WARNING 2024-03-06 18:51:34,963 log 9546 139759175333440 Not Found: /favicon.ico
INFO 2024-03-06 18:51:35,769 basehttp 9546 139759165892160 "GET /about/ HTTP/1.1" 200 194
INFO 2024-03-06 18:51:36,669 basehttp 9546 139759165892160 "GET /about/ HTTP/1.1" 200 194
INFO 2024-03-06 18:51:38,414 basehttp 9546 139759165892160 "GET /about/ HTTP/1.1" 200 194
INFO 2024-03-06 18:55:22,759 autoreload 9546 139759289856000 /home/victoria/PycharmProjects/Django_seminars/myproject/app/urls.py changed, reloading.
INFO 2024-03-06 18:55:23,006 autoreload 9980 139980702826496 Watching for file changes with StatReloader
WARNING 2024-03-06 18:55:24,198 log 9980 139980655490624 Not Found: /
WARNING 2024-03-06 18:55:24,199 basehttp 9980 139980655490624 "GET / HTTP/1.1" 404 2890
INFO 2024-03-06 18:55:35,233 autoreload 9980 139980702826496 /home/victoria/PycharmProjects/Django_seminars/myproject/app/views.py changed, reloading.
INFO 2024-03-06 18:55:35,457 autoreload 10031 140688173785088 Watching for file changes with StatReloader
WARNING 2024-03-06 18:55:36,574 log 10031 140688126449216 Not Found: /
WARNING 2024-03-06 18:55:36,575 basehttp 10031 140688126449216 "GET / HTTP/1.1" 404 2890
INFO 2024-03-06 18:55:51,738 autoreload 10031 140688173785088 /home/victoria/PycharmProjects/Django_seminars/myproject/app/views.py changed, reloading.
INFO 2024-03-06 18:55:52,004 autoreload 10092 139790416867328 Watching for file changes with StatReloader
INFO 2024-03-06 18:59:55,755 autoreload 10092 139790416867328 /home/victoria/PycharmProjects/Django_seminars/myproject/app/views.py changed, reloading.
INFO 2024-03-06 18:59:56,062 autoreload 10185 140667220713472 Watching for file changes with StatReloader
WARNING 2024-03-06 18:59:57,038 log 10185 140667174426176 Not Found: /
WARNING 2024-03-06 18:59:57,039 basehttp 10185 140667174426176 "GET / HTTP/1.1" 404 2890
INFO 2024-03-06 19:00:01,555 basehttp 10185 140667174426176 "GET /about/ HTTP/1.1" 200 8
INFO 2024-03-06 19:00:02,814 basehttp 10185 140667174426176 "GET /about/ HTTP/1.1" 200 8
INFO 2024-03-06 19:00:03,292 basehttp 10185 140667174426176 "GET /about/ HTTP/1.1" 200 8
INFO 2024-03-06 19:00:03,431 basehttp 10185 140667174426176 "GET /about/ HTTP/1.1" 200 8
WARNING 2024-03-06 19:00:22,555 log 10185 140667174426176 Not Found: /
WARNING 2024-03-06 19:00:22,555 basehttp 10185 140667174426176 "GET / HTTP/1.1" 404 2890
INFO 2024-03-06 19:00:51,494 autoreload 10185 140667220713472 /home/victoria/PycharmProjects/Django_seminars/myproject/app/urls.py changed, reloading.
INFO 2024-03-06 19:00:51,746 autoreload 10320 140716411830272 Watching for file changes with StatReloader
INFO 2024-03-06 19:00:54,640 basehttp 10320 140716364494400 "GET / HTTP/1.1" 200 215
INFO 2024-03-06 19:00:55,745 basehttp 10320 140716364494400 "GET /about/ HTTP/1.1" 200 8
INFO 2024-03-07 15:33:30,684 autoreload 7825 140182323675136 Watching for file changes with StatReloader
INFO 2024-03-07 15:33:32,933 basehttp 7825 140182276339264 "GET / HTTP/1.1" 200 2
WARNING 2024-03-07 15:33:33,028 log 7825 140182276339264 Not Found: /favicon.ico
INFO 2024-03-07 15:33:40,185 basehttp 7825 140182276339264 "GET /example HTTP/1.1" 301 0
INFO 2024-03-07 15:33:40,194 basehttp 7825 140182276339264 "GET /example/ HTTP/1.1" 200 234
INFO 2024-03-07 15:38:38,974 autoreload 7825 140182323675136 /home/victoria/PycharmProjects/Django_seminars/myproject/app/views.py changed, reloading.
INFO 2024-03-07 15:38:39,204 autoreload 8460 139688379473920 Watching for file changes with StatReloader
INFO 2024-03-07 15:38:58,315 basehttp 8460 139688332138048 "GET / HTTP/1.1" 200 783
INFO 2024-03-07 15:39:04,977 basehttp 8460 139688332138048 "GET /about/ HTTP/1.1" 200 641
INFO 2024-03-07 15:39:07,886 basehttp 8460 139688332138048 "GET / HTTP/1.1" 200 783
INFO 2024-03-07 15:40:23,044 autoreload 8460 139688379473920 /home/victoria/PycharmProjects/Django_seminars/myproject/app/urls.py changed, reloading.
INFO 2024-03-07 15:40:23,283 autoreload 8644 140479600029696 Watching for file changes with StatReloader
INFO 2024-03-07 15:40:24,857 basehttp 8644 140479552693824 "GET / HTTP/1.1" 200 783
WARNING 2024-03-07 15:40:24,958 log 8644 140479552693824 Not Found: /favicon.ico
INFO 2024-03-07 15:40:27,885 basehttp 8644 140479552693824 "GET / HTTP/1.1" 200 783
INFO 2024-03-07 15:40:28,670 basehttp 8644 140479552693824 "GET /about/ HTTP/1.1" 200 641
INFO 2024-03-07 15:40:29,694 basehttp 8644 140479552693824 "GET / HTTP/1.1" 200 783
INFO 2024-03-07 15:41:16,568 basehttp 8644 140479552693824 "GET / HTTP/1.1" 200 865
INFO 2024-03-07 15:41:37,542 basehttp 8644 140479552693824 "GET / HTTP/1.1" 200 871
INFO 2024-03-07 15:41:51,819 basehttp 8644 140479552693824 "GET / HTTP/1.1" 200 823
INFO 2024-03-07 15:41:59,494 basehttp 8644 140479552693824 "GET /about/ HTTP/1.1" 200 641
INFO 2024-03-07 15:42:02,028 basehttp 8644 140479552693824 "GET / HTTP/1.1" 200 823
INFO 2024-03-07 15:43:26,937 autoreload 9225 139915560509440 Watching for file changes with StatReloader
INFO 2024-03-07 15:43:28,509 basehttp 9225 139915513173568 "GET / HTTP/1.1" 200 823
INFO 2024-03-07 15:43:29,553 basehttp 9225 139915513173568 "GET / HTTP/1.1" 200 823
INFO 2024-03-07 15:43:30,380 basehttp 9225 139915513173568 "GET /about/ HTTP/1.1" 200 641
INFO 2024-03-07 15:44:14,414 autoreload 9225 139915560509440 /home/victoria/PycharmProjects/Django_seminars/myproject/myproject/settings.py changed, reloading.
INFO 2024-03-07 15:44:14,633 autoreload 9306 139678962245632 Watching for file changes with StatReloader
INFO 2024-03-07 15:44:15,991 basehttp 9306 139678846023232 "GET / HTTP/1.1" 200 823
INFO 2024-03-07 15:44:16,889 basehttp 9306 139678846023232 "GET / HTTP/1.1" 200 823
INFO 2024-03-07 15:44:17,323 basehttp 9306 139678846023232 "GET / HTTP/1.1" 200 823
INFO 2024-03-07 15:44:17,788 basehttp 9306 139678846023232 "GET / HTTP/1.1" 200 823
INFO 2024-03-07 15:44:18,200 basehttp 9306 139678846023232 "GET /about/ HTTP/1.1" 200 641
